# JRE version: OpenJDK Runtime Environment Temurin-21.0.6+7 (21.0.6+7) (build 21.0.6+7-LTS)
# Java VM: OpenJDK 64-Bit Server VM Temurin-21.0.6+7 (21.0.6+7-LTS, mixed mode, sharing, tiered, compressed oops, compressed class ptrs, parallel gc, windows-amd64)
GC Precious Log:
 CardTable entry size: 512
 CPUs: 12 total, 12 available
 Memory: 7597M
 Large Page Support: Disabled
 NUMA Support: Disabled
 Compressed Oops: Enabled (32-bit)
 Alignments: Space 512K, Generation 512K, Heap 2M
 Heap Min Capacity: 100M
 Heap Initial Capacity: 100M
 Heap Max Capacity: 1G
 Pre-touch: Disabled
 Parallel Workers: 10
Heap:
 PSYoungGen      total 9728K, used 1240K [0x00000000eab00000, 0x00000000ebc00000, 0x0000000100000000)
  eden space 9216K, 9% used [0x00000000eab00000,0x00000000eabde290,0x00000000eb400000)
  from space 512K, 68% used [0x00000000ebb80000,0x00000000ebbd8000,0x00000000ebc00000)
  to   space 512K, 0% used [0x00000000ebb00000,0x00000000ebb00000,0x00000000ebb80000)
 ParOldGen       total 560128K, used 559700K [0x00000000c0000000, 0x00000000e2300000, 0x00000000eab00000)
  object space 560128K, 99% used [0x00000000c0000000,0x00000000e2295058,0x00000000e2300000)
 Metaspace       used 79130K, committed 80640K, reserved 1179648K
  class space    used 9297K, committed 9920K, reserved 1048576K
GC Heap History (20 events):
Event: 2031.004 GC heap before
{Heap before GC invocations=4092 (full 10):
 PSYoungGen      total 9728K, used 9440K [0x00000000eab00000, 0x00000000ebc00000, 0x0000000100000000)
  eden space 9216K, 100% used [0x00000000eab00000,0x00000000eb400000,0x00000000eb400000)
  from space 512K, 43% used [0x00000000ebb80000,0x00000000ebbb8000,0x00000000ebc00000)
  to   space 512K, 0% used [0x00000000ebb00000,0x00000000ebb00000,0x00000000ebb80000)
 ParOldGen       total 559616K, used 559420K [0x00000000c0000000, 0x00000000e2280000, 0x00000000eab00000)
  object space 559616K, 99% used [0x00000000c0000000,0x00000000e224f058,0x00000000e2280000)
 Metaspace       used 78848K, committed 80256K, reserved 1179648K
  class space    used 9284K, committed 9920K, reserved 1048576K
}
Event: 2031.007 GC heap after
{Heap after GC invocations=4092 (full 10):
 PSYoungGen      total 9728K, used 256K [0x00000000eab00000, 0x00000000ebc00000, 0x0000000100000000)
  eden space 9216K, 0% used [0x00000000eab00000,0x00000000eab00000,0x00000000eb400000)
  from space 512K, 50% used [0x00000000ebb00000,0x00000000ebb40000,0x00000000ebb80000)
  to   space 512K, 0% used [0x00000000ebb80000,0x00000000ebb80000,0x00000000ebc00000)
 ParOldGen       total 559616K, used 559460K [0x00000000c0000000, 0x00000000e2280000, 0x00000000eab00000)
  object space 559616K, 99% used [0x00000000c0000000,0x00000000e2259058,0x00000000e2280000)
 Metaspace       used 78848K, committed 80256K, reserved 1179648K
  class space    used 9284K, committed 9920K, reserved 1048576K
}
Event: 2036.876 GC heap before
{Heap before GC invocations=4093 (full 10):
 PSYoungGen      total 9728K, used 9472K [0x00000000eab00000, 0x00000000ebc00000, 0x0000000100000000)
  eden space 9216K, 100% used [0x00000000eab00000,0x00000000eb400000,0x00000000eb400000)
  from space 512K, 50% used [0x00000000ebb00000,0x00000000ebb40000,0x00000000ebb80000)
  to   space 512K, 0% used [0x00000000ebb80000,0x00000000ebb80000,0x00000000ebc00000)
 ParOldGen       total 559616K, used 559460K [0x00000000c0000000, 0x00000000e2280000, 0x00000000eab00000)
  object space 559616K, 99% used [0x00000000c0000000,0x00000000e2259058,0x00000000e2280000)
 Metaspace       used 78888K, committed 80320K, reserved 1179648K
  class space    used 9288K, committed 9920K, reserved 1048576K
}
Event: 2036.881 GC heap after
{Heap after GC invocations=4093 (full 10):
 PSYoungGen      total 9728K, used 256K [0x00000000eab00000, 0x00000000ebc00000, 0x0000000100000000)
  eden space 9216K, 0% used [0x00000000eab00000,0x00000000eab00000,0x00000000eb400000)
  from space 512K, 50% used [0x00000000ebb80000,0x00000000ebbc0000,0x00000000ebc00000)
  to   space 512K, 0% used [0x00000000ebb00000,0x00000000ebb00000,0x00000000ebb80000)
 ParOldGen       total 559616K, used 559492K [0x00000000c0000000, 0x00000000e2280000, 0x00000000eab00000)
  object space 559616K, 99% used [0x00000000c0000000,0x00000000e2261058,0x00000000e2280000)
 Metaspace       used 78888K, committed 80320K, reserved 1179648K
  class space    used 9288K, committed 9920K, reserved 1048576K
}
Event: 2037.217 GC heap before
{Heap before GC invocations=4094 (full 10):
 PSYoungGen      total 9728K, used 9472K [0x00000000eab00000, 0x00000000ebc00000, 0x0000000100000000)
  eden space 9216K, 100% used [0x00000000eab00000,0x00000000eb400000,0x00000000eb400000)
  from space 512K, 50% used [0x00000000ebb80000,0x00000000ebbc0000,0x00000000ebc00000)
  to   space 512K, 0% used [0x00000000ebb00000,0x00000000ebb00000,0x00000000ebb80000)
 ParOldGen       total 559616K, used 559492K [0x00000000c0000000, 0x00000000e2280000, 0x00000000eab00000)
  object space 559616K, 99% used [0x00000000c0000000,0x00000000e2261058,0x00000000e2280000)
 Metaspace       used 78890K, committed 80320K, reserved 1179648K
  class space    used 9288K, committed 9920K, reserved 1048576K
}
Event: 2037.221 GC heap after
{Heap after GC invocations=4094 (full 10):
 PSYoungGen      total 9728K, used 224K [0x00000000eab00000, 0x00000000ebc00000, 0x0000000100000000)
  eden space 9216K, 0% used [0x00000000eab00000,0x00000000eab00000,0x00000000eb400000)
  from space 512K, 43% used [0x00000000ebb00000,0x00000000ebb38000,0x00000000ebb80000)
  to   space 512K, 0% used [0x00000000ebb80000,0x00000000ebb80000,0x00000000ebc00000)
 ParOldGen       total 559616K, used 559564K [0x00000000c0000000, 0x00000000e2280000, 0x00000000eab00000)
  object space 559616K, 99% used [0x00000000c0000000,0x00000000e2273058,0x00000000e2280000)
 Metaspace       used 78890K, committed 80320K, reserved 1179648K
  class space    used 9288K, committed 9920K, reserved 1048576K
}
Event: 2041.628 GC heap before
{Heap before GC invocations=4095 (full 10):
 PSYoungGen      total 9728K, used 9440K [0x00000000eab00000, 0x00000000ebc00000, 0x0000000100000000)
  eden space 9216K, 100% used [0x00000000eab00000,0x00000000eb400000,0x00000000eb400000)
  from space 512K, 43% used [0x00000000ebb00000,0x00000000ebb38000,0x00000000ebb80000)
  to   space 512K, 0% used [0x00000000ebb80000,0x00000000ebb80000,0x00000000ebc00000)
 ParOldGen       total 559616K, used 559564K [0x00000000c0000000, 0x00000000e2280000, 0x00000000eab00000)
  object space 559616K, 99% used [0x00000000c0000000,0x00000000e2273058,0x00000000e2280000)
 Metaspace       used 78895K, committed 80320K, reserved 1179648K
  class space    used 9288K, committed 9920K, reserved 1048576K
}
Event: 2041.632 GC heap after
{Heap after GC invocations=4095 (full 10):
 PSYoungGen      total 9728K, used 192K [0x00000000eab00000, 0x00000000ebc00000, 0x0000000100000000)
  eden space 9216K, 0% used [0x00000000eab00000,0x00000000eab00000,0x00000000eb400000)
  from space 512K, 37% used [0x00000000ebb80000,0x00000000ebbb0000,0x00000000ebc00000)
  to   space 512K, 0% used [0x00000000ebb00000,0x00000000ebb00000,0x00000000ebb80000)
 ParOldGen       total 559616K, used 559596K [0x00000000c0000000, 0x00000000e2280000, 0x00000000eab00000)
  object space 559616K, 99% used [0x00000000c0000000,0x00000000e227b058,0x00000000e2280000)
 Metaspace       used 78895K, committed 80320K, reserved 1179648K
  class space    used 9288K, committed 9920K, reserved 1048576K
}
Event: 2042.023 GC heap before
{Heap before GC invocations=4096 (full 10):
 PSYoungGen      total 9728K, used 9408K [0x00000000eab00000, 0x00000000ebc00000, 0x0000000100000000)
  eden space 9216K, 100% used [0x00000000eab00000,0x00000000eb400000,0x00000000eb400000)
  from space 512K, 37% used [0x00000000ebb80000,0x00000000ebbb0000,0x00000000ebc00000)
  to   space 512K, 0% used [0x00000000ebb00000,0x00000000ebb00000,0x00000000ebb80000)
 ParOldGen       total 559616K, used 559596K [0x00000000c0000000, 0x00000000e2280000, 0x00000000eab00000)
  object space 559616K, 99% used [0x00000000c0000000,0x00000000e227b058,0x00000000e2280000)
 Metaspace       used 78897K, committed 80320K, reserved 1179648K
  class space    used 9288K, committed 9920K, reserved 1048576K
}
Event: 2042.025 GC heap after
{Heap after GC invocations=4096 (full 10):
 PSYoungGen      total 9728K, used 256K [0x00000000eab00000, 0x00000000ebc00000, 0x0000000100000000)
  eden space 9216K, 0% used [0x00000000eab00000,0x00000000eab00000,0x00000000eb400000)
  from space 512K, 50% used [0x00000000ebb00000,0x00000000ebb40000,0x00000000ebb80000)
  to   space 512K, 0% used [0x00000000ebb80000,0x00000000ebb80000,0x00000000ebc00000)
 ParOldGen       total 560128K, used 559660K [0x00000000c0000000, 0x00000000e2300000, 0x00000000eab00000)
  object space 560128K, 99% used [0x00000000c0000000,0x00000000e228b058,0x00000000e2300000)
 Metaspace       used 78897K, committed 80320K, reserved 1179648K
  class space    used 9288K, committed 9920K, reserved 1048576K
}
Event: 2047.749 GC heap before
{Heap before GC invocations=4097 (full 10):
 PSYoungGen      total 9728K, used 9472K [0x00000000eab00000, 0x00000000ebc00000, 0x0000000100000000)
  eden space 9216K, 100% used [0x00000000eab00000,0x00000000eb400000,0x00000000eb400000)
  from space 512K, 50% used [0x00000000ebb00000,0x00000000ebb40000,0x00000000ebb80000)
  to   space 512K, 0% used [0x00000000ebb80000,0x00000000ebb80000,0x00000000ebc00000)
 ParOldGen       total 560128K, used 559660K [0x00000000c0000000, 0x00000000e2300000, 0x00000000eab00000)
  object space 560128K, 99% used [0x00000000c0000000,0x00000000e228b058,0x00000000e2300000)
 Metaspace       used 78918K, committed 80320K, reserved 1179648K
  class space    used 9288K, committed 9920K, reserved 1048576K
}
Event: 2047.751 GC heap after
{Heap after GC invocations=4097 (full 10):
 PSYoungGen      total 9728K, used 224K [0x00000000eab00000, 0x00000000ebc00000, 0x0000000100000000)
  eden space 9216K, 0% used [0x00000000eab00000,0x00000000eab00000,0x00000000eb400000)
  from space 512K, 43% used [0x00000000ebb80000,0x00000000ebbb8000,0x00000000ebc00000)
  to   space 512K, 0% used [0x00000000ebb00000,0x00000000ebb00000,0x00000000ebb80000)
 ParOldGen       total 560128K, used 559684K [0x00000000c0000000, 0x00000000e2300000, 0x00000000eab00000)
  object space 560128K, 99% used [0x00000000c0000000,0x00000000e2291058,0x00000000e2300000)
 Metaspace       used 78918K, committed 80320K, reserved 1179648K
  class space    used 9288K, committed 9920K, reserved 1048576K
}
Event: 2072.369 GC heap before
{Heap before GC invocations=4098 (full 10):
 PSYoungGen      total 9728K, used 9440K [0x00000000eab00000, 0x00000000ebc00000, 0x0000000100000000)
  eden space 9216K, 100% used [0x00000000eab00000,0x00000000eb400000,0x00000000eb400000)
  from space 512K, 43% used [0x00000000ebb80000,0x00000000ebbb8000,0x00000000ebc00000)
  to   space 512K, 0% used [0x00000000ebb00000,0x00000000ebb00000,0x00000000ebb80000)
 ParOldGen       total 560128K, used 559684K [0x00000000c0000000, 0x00000000e2300000, 0x00000000eab00000)
  object space 560128K, 99% used [0x00000000c0000000,0x00000000e2291058,0x00000000e2300000)
 Metaspace       used 78951K, committed 80384K, reserved 1179648K
  class space    used 9289K, committed 9920K, reserved 1048576K
}
Event: 2072.382 GC heap after
{Heap after GC invocations=4098 (full 10):
 PSYoungGen      total 9728K, used 288K [0x00000000eab00000, 0x00000000ebc00000, 0x0000000100000000)
  eden space 9216K, 0% used [0x00000000eab00000,0x00000000eab00000,0x00000000eb400000)
  from space 512K, 56% used [0x00000000ebb00000,0x00000000ebb48000,0x00000000ebb80000)
  to   space 512K, 0% used [0x00000000ebb80000,0x00000000ebb80000,0x00000000ebc00000)
 ParOldGen       total 560128K, used 559692K [0x00000000c0000000, 0x00000000e2300000, 0x00000000eab00000)
  object space 560128K, 99% used [0x00000000c0000000,0x00000000e2293058,0x00000000e2300000)
 Metaspace       used 78951K, committed 80384K, reserved 1179648K
  class space    used 9289K, committed 9920K, reserved 1048576K
}
Event: 2076.617 GC heap before
{Heap before GC invocations=4099 (full 10):
 PSYoungGen      total 9728K, used 9504K [0x00000000eab00000, 0x00000000ebc00000, 0x0000000100000000)
  eden space 9216K, 100% used [0x00000000eab00000,0x00000000eb400000,0x00000000eb400000)
  from space 512K, 56% used [0x00000000ebb00000,0x00000000ebb48000,0x00000000ebb80000)
  to   space 512K, 0% used [0x00000000ebb80000,0x00000000ebb80000,0x00000000ebc00000)
 ParOldGen       total 560128K, used 559692K [0x00000000c0000000, 0x00000000e2300000, 0x00000000eab00000)
  object space 560128K, 99% used [0x00000000c0000000,0x00000000e2293058,0x00000000e2300000)
 Metaspace       used 79073K, committed 80512K, reserved 1179648K
  class space    used 9297K, committed 9920K, reserved 1048576K
}
Event: 2076.620 GC heap after
{Heap after GC invocations=4099 (full 10):
 PSYoungGen      total 9728K, used 320K [0x00000000eab00000, 0x00000000ebc00000, 0x0000000100000000)
  eden space 9216K, 0% used [0x00000000eab00000,0x00000000eab00000,0x00000000eb400000)
  from space 512K, 62% used [0x00000000ebb80000,0x00000000ebbd0000,0x00000000ebc00000)
  to   space 512K, 0% used [0x00000000ebb00000,0x00000000ebb00000,0x00000000ebb80000)
 ParOldGen       total 560128K, used 559692K [0x00000000c0000000, 0x00000000e2300000, 0x00000000eab00000)
  object space 560128K, 99% used [0x00000000c0000000,0x00000000e2293058,0x00000000e2300000)
 Metaspace       used 79073K, committed 80512K, reserved 1179648K
  class space    used 9297K, committed 9920K, reserved 1048576K
}
Event: 2090.821 GC heap before
{Heap before GC invocations=4100 (full 10):
 PSYoungGen      total 9728K, used 9530K [0x00000000eab00000, 0x00000000ebc00000, 0x0000000100000000)
  eden space 9216K, 99% used [0x00000000eab00000,0x00000000eb3feaf0,0x00000000eb400000)
  from space 512K, 62% used [0x00000000ebb80000,0x00000000ebbd0000,0x00000000ebc00000)
  to   space 512K, 0% used [0x00000000ebb00000,0x00000000ebb00000,0x00000000ebb80000)
 ParOldGen       total 560128K, used 559692K [0x00000000c0000000, 0x00000000e2300000, 0x00000000eab00000)
  object space 560128K, 99% used [0x00000000c0000000,0x00000000e2293058,0x00000000e2300000)
 Metaspace       used 79093K, committed 80512K, reserved 1179648K
  class space    used 9297K, committed 9920K, reserved 1048576K
}
Event: 2090.827 GC heap after
{Heap after GC invocations=4100 (full 10):
 PSYoungGen      total 9728K, used 352K [0x00000000eab00000, 0x00000000ebc00000, 0x0000000100000000)
  eden space 9216K, 0% used [0x00000000eab00000,0x00000000eab00000,0x00000000eb400000)
  from space 512K, 68% used [0x00000000ebb00000,0x00000000ebb58000,0x00000000ebb80000)
  to   space 512K, 0% used [0x00000000ebb80000,0x00000000ebb80000,0x00000000ebc00000)
 ParOldGen       total 560128K, used 559692K [0x00000000c0000000, 0x00000000e2300000, 0x00000000eab00000)
  object space 560128K, 99% used [0x00000000c0000000,0x00000000e2293058,0x00000000e2300000)
 Metaspace       used 79093K, committed 80512K, reserved 1179648K
  class space    used 9297K, committed 9920K, reserved 1048576K
}
Event: 2100.233 GC heap before
{Heap before GC invocations=4101 (full 10):
 PSYoungGen      total 9728K, used 9568K [0x00000000eab00000, 0x00000000ebc00000, 0x0000000100000000)
  eden space 9216K, 100% used [0x00000000eab00000,0x00000000eb400000,0x00000000eb400000)
  from space 512K, 68% used [0x00000000ebb00000,0x00000000ebb58000,0x00000000ebb80000)
  to   space 512K, 0% used [0x00000000ebb80000,0x00000000ebb80000,0x00000000ebc00000)
 ParOldGen       total 560128K, used 559692K [0x00000000c0000000, 0x00000000e2300000, 0x00000000eab00000)
  object space 560128K, 99% used [0x00000000c0000000,0x00000000e2293058,0x00000000e2300000)
 Metaspace       used 79129K, committed 80576K, reserved 1179648K
  class space    used 9297K, committed 9920K, reserved 1048576K
}
Event: 2100.349 GC heap after
{Heap after GC invocations=4101 (full 10):
 PSYoungGen      total 9728K, used 352K [0x00000000eab00000, 0x00000000ebc00000, 0x0000000100000000)
  eden space 9216K, 0% used [0x00000000eab00000,0x00000000eab00000,0x00000000eb400000)
  from space 512K, 68% used [0x00000000ebb80000,0x00000000ebbd8000,0x00000000ebc00000)
  to   space 512K, 0% used [0x00000000ebb00000,0x00000000ebb00000,0x00000000ebb80000)
 ParOldGen       total 560128K, used 559700K [0x00000000c0000000, 0x00000000e2300000, 0x00000000eab00000)
  object space 560128K, 99% used [0x00000000c0000000,0x00000000e2295058,0x00000000e2300000)
 Metaspace       used 79129K, committed 80576K, reserved 1179648K
  class space    used 9297K, committed 9920K, reserved 1048576K
}

